

> strings@0.0.1 prebuild /Users/hieudoan/git/github.com/hieudoanm/strings/packages/web
> rimraf .next


> strings@0.0.1 build /Users/hieudoan/git/github.com/hieudoanm/strings/packages/web
> next build

   [1m[38;2;173;127;168m▲ Next.js 15.3.5[39m[22m

[?25l [37m[1m [22m[39m Linting and checking validity of types  [36m.[39m[2K[1G [37m[1m [22m[39m Linting and checking validity of types  [36m..[39m[2K[1G [37m[1m [22m[39m Linting and checking validity of types  [36m...[39m[2K[1G [37m[1m [22m[39m Linting and checking validity of types  [36m.[39m[2K[1G [37m[1m [22m[39m Linting and checking validity of types  [36m..[39m[2K[1G[?25h [37m[1m [22m[39m Linting and checking validity of types     [32m[1m✓[22m[39m Linting and checking validity of types 
 [37m[1m [22m[39m Creating an optimized production build ...
 [32m[1m✓[22m[39m Compiled successfully in 1000ms
[?25l [37m[1m [22m[39m Collecting page data  [36m.[39m[2K[1G [37m[1m [22m[39m Collecting page data  [36m..[39m[2K[1G[?25h [37m[1m [22m[39m Collecting page data     [32m[1m✓[22m[39m Collecting page data 
[?25l [37m[1m [22m[39m Generating static pages (0/3)  [36m[    ][39m[2K[1G [37m[1m [22m[39m Generating static pages (0/3)  [36m[=   ][39m[2K[1G[?25h [32m[1m✓[22m[39m Generating static pages (3/3)
[?25l [37m[1m [22m[39m Finalizing page optimization  [36m.[39m[?25l [37m[1m [22m[39m Collecting build traces  [36m.[39m[2K[1G [37m[1m [22m[39m Finalizing page optimization  [36m..[39m[2K[1G [37m[1m [22m[39m Collecting build traces  [36m..[39m[2K[1G [37m[1m [22m[39m Finalizing page optimization  [36m...[39m[2K[1G [37m[1m [22m[39m Collecting build traces  [36m...[39m[2K[1G [37m[1m [22m[39m Finalizing page optimization  [36m.[39m[2K[1G [37m[1m [22m[39m Collecting build traces  [36m.[39m[2K[1G [37m[1m [22m[39m Finalizing page optimization  [36m..[39m[2K[1G [37m[1m [22m[39m Collecting build traces  [36m..[39m[2K[1G [37m[1m [22m[39m Finalizing page optimization  [36m...[39m[2K[1G [37m[1m [22m[39m Collecting build traces  [36m...[39m[2K[1G [37m[1m [22m[39m Finalizing page optimization  [36m.[39m[2K[1G [37m[1m [22m[39m Collecting build traces  [36m.[39m[2K[1G [37m[1m [22m[39m Finalizing page optimization  [36m..[39m[2K[1G [37m[1m [22m[39m Collecting build traces  [36m..[39m[2K[1G [37m[1m [22m[39m Finalizing page optimization  [36m...[39m[2K[1G [37m[1m [22m[39m Collecting build traces  [36m...[39m[2K[1G [37m[1m [22m[39m Finalizing page optimization  [36m.[39m[2K[1G [37m[1m [22m[39m Collecting build traces  [36m.[39m[2K[1G [37m[1m [22m[39m Finalizing page optimization  [36m..[39m[2K[1G [37m[1m [22m[39m Collecting build traces  [36m..[39m[2K[1G [37m[1m [22m[39m Finalizing page optimization  [36m...[39m[2K[1G [37m[1m [22m[39m Collecting build traces  [36m...[39m[2K[1G[?25h [37m[1m [22m[39m Collecting build traces     [32m[1m✓[22m[39m Collecting build traces 
[?25l [37m[1m [22m[39m Exporting (0/3)  [36m[    ][39m[2K[1G [37m[1m [22m[39m Finalizing page optimization  [36m.[39m[2K[1G [37m[1m [22m[39m Exporting (0/3)  [36m[=   ][39m[2K[1G[?25h[2K[1G[?25h [32m[1m✓[22m[39m Exporting (3/3)
[?25l [36m.[39m [2K[1G [36m..[39m [2K[1G[?25h    [32m[1m✓[22m[39m Finalizing page optimization 

[4mRoute (pages)[24m                                [4mSize[24m  [4mFirst Load JS[24m  [4m[24m  [4m[24m
┌ ○ /                                       892 B        [37m[1m93.9 kB[22m[39m
├   /_app                                     0 B          [37m[1m93 kB[22m[39m
└ ○ /404                                    190 B        [37m[1m93.2 kB[22m[39m
+ First Load JS shared by all             [37m[1m95.7 kB[22m[39m
  ├ chunks/framework-eb82ced384e9023c.js  57.6 kB
  ├ chunks/main-f15013b555a60a04.js         34 kB
  └ other shared chunks (total)           4.03 kB

○  (Static)  prerendered as static content

[?25h
